(?<host>\S*) (?<clock>{.*})\n(?<event>.*)

1 {"1":1}
Initialization Complete
1 {"1":2, "4":2}
INFO Received request
1 {"1":3, "4":2}
INFO Respondo a solicitud SC
1 {"1":4, "4":2}
INFO Send requests
1 {"1":5, "4":2, "5":4}
INFO Received request
1 {"1":6, "4":2, "5":4}
INFO Respondo a solicitud SC
1 {"1":7, "4":2, "5":4}
INFO Salgo de la SC
1 {"1":8, "4":2, "5":7}
INFO Received request
1 {"1":9, "4":2, "5":7}
INFO Respondo a solicitud SC
1 {"6":10, "1":10, "4":2, "5":7}
INFO Received request
1 {"1":11, "4":2, "5":7, "6":10}
INFO Respondo a solicitud SC
1 {"1":12, "4":2, "5":7, "6":10, "3":12}
INFO Received request
1 {"1":13, "4":2, "5":7, "6":10, "3":12}
INFO Respondo a solicitud SC
1 {"6":10, "3":14, "1":14, "4":2, "5":7}
INFO Received request
1 {"3":14, "1":15, "4":2, "5":7, "6":10}
INFO Respondo a solicitud SC
1 {"2":16, "1":16, "4":2, "5":7, "6":10, "3":14}
INFO Received request
1 {"5":7, "6":10, "3":14, "2":16, "1":17, "4":2}
INFO Respondo a solicitud SC
1 {"1":18, "4":2, "5":17, "6":10, "3":14, "2":16}
INFO Received request
1 {"4":2, "5":17, "6":10, "3":14, "2":16, "1":19}
INFO Respondo a solicitud SC
1 {"1":20, "4":2, "5":17, "6":10, "3":14, "2":20}
INFO Received request
1 {"5":17, "6":10, "3":14, "2":20, "1":21, "4":2}
INFO Respondo a solicitud SC
1 {"1":22, "4":22, "5":17, "6":10, "3":14, "2":20}
INFO Received request
1 {"1":23, "4":22, "5":17, "6":10, "3":14, "2":20}
INFO Respondo a solicitud SC
1 {"5":17, "6":24, "3":14, "2":20, "1":24, "4":22}
INFO Received request
1 {"1":25, "4":22, "5":17, "6":24, "3":14, "2":20}
INFO Respondo a solicitud SC
1 {"2":20, "1":26, "4":22, "5":17, "6":24, "3":26}
INFO Received request
1 {"1":27, "4":22, "5":17, "6":24, "3":26, "2":20}
INFO Respondo a solicitud SC
1 {"3":26, "2":20, "1":28, "4":22, "5":17, "6":24}
INFO Send requests
1 {"4":22, "5":17, "6":24, "3":26, "2":20, "1":29}
INFO Salgo de la SC
1 {"5":17, "6":24, "3":26, "2":20, "1":30, "4":22}
INFO Send requests
1 {"1":31, "4":22, "5":17, "6":24, "3":26, "2":20}
INFO Salgo de la SC
1 {"2":20, "1":32, "4":22, "5":31, "6":24, "3":26}
INFO Received request
1 {"1":33, "4":22, "5":31, "6":24, "3":26, "2":20}
INFO Respondo a solicitud SC
1 {"1":34, "4":34, "5":31, "6":24, "3":26, "2":20}
INFO Received request
1 {"3":26, "2":20, "1":35, "4":34, "5":31, "6":24}
INFO Respondo a solicitud SC
1 {"1":36, "4":34, "5":31, "6":24, "3":26, "2":36}
INFO Received request
1 {"1":37, "4":36, "5":31, "6":24, "3":26, "2":36}
INFO Received request
1 {"4":36, "5":31, "6":24, "3":26, "2":36, "1":38}
INFO Respondo a solicitud SC
1 {"1":39, "4":36, "5":31, "6":24, "3":26, "2":36}
INFO Respondo a solicitud SC
1 {"4":36, "5":31, "6":24, "3":40, "2":36, "1":40}
INFO Received request
1 {"2":36, "1":41, "4":36, "5":31, "6":24, "3":40}
INFO Respondo a solicitud SC
1 {"4":36, "5":31, "6":24, "3":40, "2":42, "1":42}
INFO Received request
1 {"3":40, "2":42, "1":43, "4":36, "5":31, "6":24}
INFO Respondo a solicitud SC
1 {"1":44, "4":36, "5":31, "6":44, "3":40, "2":42}
INFO Received request
1 {"2":42, "1":45, "4":36, "5":31, "6":44, "3":40}
INFO Respondo a solicitud SC
1 {"1":46, "4":45, "5":31, "6":44, "3":40, "2":42}
INFO Received request
1 {"1":47, "4":45, "5":31, "6":44, "3":40, "2":42}
INFO Respondo a solicitud SC
1 {"2":48, "1":48, "4":45, "5":31, "6":44, "3":40}
INFO Received request
1 {"3":40, "2":48, "1":49, "4":45, "5":31, "6":44}
INFO Respondo a solicitud SC
1 {"2":50, "1":50, "4":45, "5":31, "6":44, "3":40}
INFO Received request
1 {"1":51, "4":45, "5":31, "6":44, "3":40, "2":50}
INFO Respondo a solicitud SC
1 {"2":50, "1":52, "4":45, "5":31, "6":44, "3":40}
INFO Send requests
1 {"5":31, "6":44, "3":40, "2":50, "1":53, "4":45}
INFO Salgo de la SC
1 {"5":53, "6":44, "3":40, "2":50, "1":54, "4":45}
INFO Received request
1 {"6":44, "3":40, "2":50, "1":55, "4":45, "5":53}
INFO Respondo a solicitud SC
1 {"3":40, "2":56, "1":56, "4":45, "5":53, "6":44}
INFO Received request
1 {"3":40, "2":56, "1":57, "4":45, "5":53, "6":44}
INFO Respondo a solicitud SC
1 {"1":58, "4":45, "5":53, "6":44, "3":58, "2":56}
INFO Received request
1 {"1":59, "4":45, "5":53, "6":44, "3":58, "2":56}
INFO Respondo a solicitud SC
1 {"3":58, "2":56, "1":60, "4":59, "5":53, "6":44}
INFO Received request
1 {"1":61, "4":59, "5":53, "6":44, "3":58, "2":56}
INFO Respondo a solicitud SC
1 {"6":62, "3":58, "2":56, "1":62, "4":59, "5":53}
INFO Received request
1 {"1":63, "4":59, "5":53, "6":62, "3":58, "2":56}
INFO Respondo a solicitud SC
1 {"6":62, "3":58, "2":64, "1":64, "4":59, "5":53}
INFO Received request
1 {"1":65, "4":59, "5":53, "6":62, "3":58, "2":64}
INFO Respondo a solicitud SC
1 {"3":58, "2":64, "1":66, "4":59, "5":65, "6":62}
INFO Received request
1 {"1":67, "4":59, "5":65, "6":62, "3":58, "2":64}
INFO Respondo a solicitud SC
1 {"4":59, "5":65, "6":62, "3":58, "2":64, "1":68}
INFO Send requests
1 {"6":62, "3":58, "2":64, "1":69, "4":59, "5":65}
INFO Salgo de la SC
1 {"4":59, "5":65, "6":62, "3":58, "2":64, "1":70}
INFO Send requests
1 {"1":71, "4":59, "5":65, "6":62, "3":58, "2":64}
INFO Salgo de la SC
1 {"5":65, "6":72, "3":58, "2":64, "1":72, "4":59}
INFO Received request
1 {"1":73, "4":59, "5":65, "6":72, "3":58, "2":64}
INFO Respondo a solicitud SC
1 {"5":65, "6":72, "3":58, "2":74, "1":74, "4":59}
INFO Received request
1 {"1":75, "4":59, "5":65, "6":72, "3":74, "2":74}
INFO Received request
1 {"1":76, "4":59, "5":65, "6":72, "3":74, "2":74}
INFO Respondo a solicitud SC
1 {"5":65, "6":72, "3":74, "2":74, "1":77, "4":59}
INFO Respondo a solicitud SC
1 {"2":74, "1":78, "4":77, "5":65, "6":72, "3":74}
INFO Received request
1 {"1":79, "4":77, "5":65, "6":72, "3":74, "2":74}
INFO Respondo a solicitud SC
1 {"3":74, "2":74, "1":80, "4":77, "5":65, "6":80}
INFO Received request
1 {"5":65, "6":80, "3":74, "2":80, "1":81, "4":77}
INFO Received request
1 {"4":77, "5":65, "6":80, "3":74, "2":80, "1":82}
INFO Respondo a solicitud SC
1 {"1":83, "4":77, "5":65, "6":80, "3":74, "2":80}
INFO Respondo a solicitud SC
1 {"5":65, "6":80, "3":84, "2":80, "1":84, "4":77}
INFO Received request
1 {"4":77, "5":65, "6":80, "3":84, "2":80, "1":85}
INFO Respondo a solicitud SC
1 {"3":84, "2":80, "1":86, "4":77, "5":65, "6":85}
INFO Received request
1 {"1":87, "4":77, "5":65, "6":85, "3":84, "2":80}
INFO Respondo a solicitud SC
1 {"6":85, "3":88, "2":80, "1":88, "4":77, "5":65}
INFO Received request
1 {"5":65, "6":85, "3":88, "2":80, "1":89, "4":77}
INFO Respondo a solicitud SC
1 {"1":90, "4":77, "5":65, "6":85, "3":88, "2":80}
INFO Send requests
1 {"5":65, "6":85, "3":88, "2":80, "1":91, "4":77}
INFO Salgo de la SC
1 {"1":92, "4":77, "5":90, "6":85, "3":88, "2":80}
INFO Received request
1 {"6":85, "3":88, "2":80, "1":93, "4":77, "5":90}
INFO Respondo a solicitud SC
1 {"6":85, "3":94, "2":80, "1":94, "4":77, "5":90}
INFO Received request
1 {"3":94, "2":80, "1":95, "4":77, "5":90, "6":85}
INFO Respondo a solicitud SC
1 {"5":90, "6":85, "3":94, "2":80, "1":96, "4":95}
INFO Received request
1 {"3":94, "2":80, "1":97, "4":95, "5":90, "6":85}
INFO Respondo a solicitud SC
1 {"4":95, "5":90, "6":97, "3":94, "2":80, "1":98}
INFO Received request
1 {"1":99, "4":95, "5":90, "6":97, "3":94, "2":80}
INFO Respondo a solicitud SC
1 {"1":100, "4":95, "5":90, "6":97, "3":100, "2":80}
INFO Received request
1 {"3":100, "2":80, "1":101, "4":95, "5":90, "6":97}
INFO Respondo a solicitud SC
1 {"4":101, "5":90, "6":97, "3":100, "2":80, "1":102}
INFO Received request
1 {"4":101, "5":90, "6":97, "3":100, "2":80, "1":103}
INFO Respondo a solicitud SC
1 {"3":100, "2":80, "1":104, "4":103, "5":90, "6":97}
INFO Received request
1 {"1":105, "4":103, "5":90, "6":97, "3":100, "2":80}
INFO Respondo a solicitud SC
1 {"4":103, "5":90, "6":97, "3":100, "2":80, "1":106}
INFO Send requests
1 {"1":107, "4":103, "5":90, "6":97, "3":100, "2":80}
INFO Salgo de la SC
1 {"3":100, "2":80, "1":108, "4":103, "5":90, "6":107}
INFO Received request
1 {"1":109, "4":103, "5":90, "6":107, "3":100, "2":80}
INFO Respondo a solicitud SC
1 {"1":110, "4":103, "5":108, "6":107, "3":100, "2":80}
INFO Received request
1 {"1":111, "4":103, "5":108, "6":107, "3":100, "2":80}
INFO Respondo a solicitud SC
1 {"1":112, "4":103, "5":110, "6":107, "3":100, "2":80}
INFO Received request
1 {"3":100, "2":80, "1":113, "4":103, "5":110, "6":107}
INFO Respondo a solicitud SC
1 {"1":114, "4":103, "5":110, "6":107, "3":100, "2":80}
INFO Send requests
1 {"6":107, "3":100, "2":80, "1":115, "4":103, "5":110}
INFO Salgo de la SC
1 {"6":107, "3":100, "2":80, "1":116, "4":103, "5":114}
INFO Received request
1 {"5":114, "6":107, "3":100, "2":80, "1":117, "4":103}
INFO Respondo a solicitud SC
1 {"1":118, "4":103, "5":114, "6":117, "3":100, "2":80}
INFO Received request
1 {"3":100, "2":80, "1":119, "4":103, "5":114, "6":117}
INFO Respondo a solicitud SC
1 {"5":114, "6":117, "3":100, "2":80, "1":120, "4":103}
INFO Send requests
1 {"5":114, "6":117, "3":100, "2":80, "1":121, "4":103}
INFO Salgo de la SC
2 {"2":1}
Initialization Complete
2 {"2":2, "4":2}
INFO Received request
2 {"2":3, "4":2}
INFO Respondo a solicitud SC
2 {"4":2, "1":4, "2":4}
INFO Received request
2 {"2":5, "4":2, "1":4}
INFO Respondo a solicitud SC
2 {"1":4, "5":4, "2":6, "4":2}
INFO Received request
2 {"2":7, "4":2, "1":4, "5":4}
INFO Respondo a solicitud SC
2 {"4":2, "1":4, "5":7, "2":8}
INFO Received request
2 {"2":9, "4":2, "1":4, "5":7}
INFO Respondo a solicitud SC
2 {"5":7, "6":10, "2":10, "4":2, "1":4}
INFO Received request
2 {"2":11, "4":2, "1":4, "5":7, "6":10}
INFO Respondo a solicitud SC
2 {"5":7, "6":10, "3":12, "2":12, "4":2, "1":4}
INFO Received request
2 {"2":13, "4":2, "1":4, "5":7, "6":10, "3":12}
INFO Respondo a solicitud SC
2 {"3":14, "2":14, "4":2, "1":4, "5":7, "6":10}
INFO Received request
2 {"4":2, "1":4, "5":7, "6":10, "3":14, "2":15}
INFO Respondo a solicitud SC
2 {"2":16, "4":2, "1":4, "5":7, "6":10, "3":14}
INFO Send requests
2 {"1":4, "5":7, "6":10, "3":14, "2":17, "4":2}
INFO Salgo de la SC
2 {"3":14, "2":18, "4":2, "1":4, "5":17, "6":10}
INFO Received request
2 {"4":2, "1":4, "5":17, "6":10, "3":14, "2":19}
INFO Respondo a solicitud SC
2 {"2":20, "4":2, "1":4, "5":17, "6":10, "3":14}
INFO Send requests
2 {"2":21, "4":2, "1":4, "5":17, "6":10, "3":14}
INFO Salgo de la SC
2 {"2":22, "4":22, "1":4, "5":17, "6":10, "3":14}
INFO Received request
2 {"2":23, "4":22, "1":4, "5":17, "6":10, "3":14}
INFO Respondo a solicitud SC
2 {"1":4, "5":17, "6":24, "3":14, "2":24, "4":22}
INFO Received request
2 {"5":17, "6":24, "3":14, "2":25, "4":22, "1":4}
INFO Respondo a solicitud SC
2 {"2":26, "4":22, "1":4, "5":17, "6":24, "3":26}
INFO Received request
2 {"2":27, "4":22, "1":4, "5":17, "6":24, "3":26}
INFO Respondo a solicitud SC
2 {"2":28, "4":22, "1":28, "5":17, "6":24, "3":26}
INFO Received request
2 {"2":29, "4":22, "1":28, "5":17, "6":24, "3":26}
INFO Respondo a solicitud SC
2 {"6":24, "3":26, "2":30, "4":22, "1":30, "5":17}
INFO Received request
2 {"2":31, "4":22, "1":30, "5":17, "6":24, "3":26}
INFO Respondo a solicitud SC
2 {"5":31, "6":24, "3":26, "2":32, "4":22, "1":30}
INFO Received request
2 {"1":30, "5":31, "6":24, "3":26, "2":33, "4":22}
INFO Respondo a solicitud SC
2 {"2":34, "4":34, "1":30, "5":31, "6":24, "3":26}
INFO Received request
2 {"1":30, "5":31, "6":24, "3":26, "2":35, "4":34}
INFO Respondo a solicitud SC
2 {"1":30, "5":31, "6":24, "3":26, "2":36, "4":34}
INFO Send requests
2 {"2":37, "4":36, "1":30, "5":31, "6":24, "3":26}
INFO Received request
2 {"2":38, "4":36, "1":30, "5":31, "6":24, "3":26}
INFO Respondo a solicitud SC
2 {"5":31, "6":24, "3":40, "2":39, "4":36, "1":30}
INFO Received request
2 {"2":40, "4":36, "1":30, "5":31, "6":24, "3":40}
INFO Salgo de la SC
2 {"1":30, "5":31, "6":24, "3":40, "2":41, "4":36}
INFO Respondo a solicitud SC
2 {"2":42, "4":36, "1":30, "5":31, "6":24, "3":40}
INFO Send requests
2 {"4":36, "1":30, "5":31, "6":24, "3":40, "2":43}
INFO Salgo de la SC
2 {"3":40, "2":44, "4":36, "1":30, "5":31, "6":44}
INFO Received request
2 {"3":40, "2":45, "4":36, "1":30, "5":31, "6":44}
INFO Respondo a solicitud SC
2 {"4":45, "1":30, "5":31, "6":44, "3":40, "2":46}
INFO Received request
2 {"4":45, "1":30, "5":31, "6":44, "3":40, "2":47}
INFO Respondo a solicitud SC
2 {"5":31, "6":44, "3":40, "2":48, "4":45, "1":30}
INFO Send requests
2 {"2":49, "4":45, "1":30, "5":31, "6":44, "3":40}
INFO Salgo de la SC
2 {"1":30, "5":31, "6":44, "3":40, "2":50, "4":45}
INFO Send requests
2 {"2":51, "4":45, "1":30, "5":31, "6":44, "3":40}
INFO Salgo de la SC
2 {"2":52, "4":45, "1":52, "5":31, "6":44, "3":40}
INFO Received request
2 {"3":40, "2":53, "4":45, "1":52, "5":31, "6":44}
INFO Respondo a solicitud SC
2 {"1":52, "5":53, "6":44, "3":40, "2":54, "4":45}
INFO Received request
2 {"3":40, "2":55, "4":45, "1":52, "5":53, "6":44}
INFO Respondo a solicitud SC
2 {"1":52, "5":53, "6":44, "3":40, "2":56, "4":45}
INFO Send requests
2 {"4":45, "1":52, "5":53, "6":44, "3":40, "2":57}
INFO Salgo de la SC
2 {"4":45, "1":52, "5":53, "6":44, "3":58, "2":58}
INFO Received request
2 {"2":59, "4":45, "1":52, "5":53, "6":44, "3":58}
INFO Respondo a solicitud SC
2 {"2":60, "4":59, "1":52, "5":53, "6":44, "3":58}
INFO Received request
2 {"2":61, "4":59, "1":52, "5":53, "6":44, "3":58}
INFO Respondo a solicitud SC
2 {"3":58, "2":62, "4":59, "1":52, "5":53, "6":62}
INFO Received request
2 {"4":59, "1":52, "5":53, "6":62, "3":58, "2":63}
INFO Respondo a solicitud SC
2 {"3":58, "2":64, "4":59, "1":52, "5":53, "6":62}
INFO Send requests
2 {"4":59, "1":52, "5":53, "6":62, "3":58, "2":65}
INFO Salgo de la SC
2 {"1":52, "5":65, "6":62, "3":58, "2":66, "4":59}
INFO Received request
2 {"5":65, "6":62, "3":58, "2":67, "4":59, "1":52}
INFO Respondo a solicitud SC
2 {"3":58, "2":68, "4":59, "1":68, "5":65, "6":62}
INFO Received request
2 {"3":58, "2":69, "4":59, "1":68, "5":65, "6":62}
INFO Respondo a solicitud SC
2 {"3":58, "2":70, "4":59, "1":70, "5":65, "6":62}
INFO Received request
2 {"2":71, "4":59, "1":70, "5":65, "6":62, "3":58}
INFO Respondo a solicitud SC
2 {"6":72, "3":58, "2":72, "4":59, "1":70, "5":65}
INFO Received request
2 {"5":65, "6":72, "3":58, "2":73, "4":59, "1":70}
INFO Respondo a solicitud SC
2 {"6":72, "3":58, "2":74, "4":59, "1":70, "5":65}
INFO Send requests
2 {"5":65, "6":72, "3":74, "2":75, "4":59, "1":70}
INFO Received request
2 {"1":70, "5":65, "6":72, "3":74, "2":76, "4":59}
INFO Respondo a solicitud SC
2 {"6":72, "3":74, "2":77, "4":59, "1":70, "5":65}
INFO Salgo de la SC
2 {"4":77, "1":70, "5":65, "6":72, "3":74, "2":78}
INFO Received request
2 {"2":79, "4":77, "1":70, "5":65, "6":72, "3":74}
INFO Respondo a solicitud SC
2 {"4":77, "1":70, "5":65, "6":72, "3":74, "2":80}
INFO Send requests
2 {"2":81, "4":77, "1":70, "5":65, "6":80, "3":74}
INFO Received request
2 {"2":82, "4":77, "1":70, "5":65, "6":80, "3":74}
INFO Respondo a solicitud SC
2 {"2":83, "4":77, "1":70, "5":65, "6":80, "3":74}
INFO Salgo de la SC
2 {"3":84, "2":84, "4":77, "1":70, "5":65, "6":80}
INFO Received request
2 {"4":77, "1":70, "5":65, "6":80, "3":84, "2":85}
INFO Respondo a solicitud SC
2 {"3":84, "2":86, "4":77, "1":70, "5":65, "6":85}
INFO Received request
2 {"1":70, "5":65, "6":85, "3":84, "2":87, "4":77}
INFO Respondo a solicitud SC
2 {"4":77, "1":70, "5":65, "6":85, "3":88, "2":88}
INFO Received request
2 {"2":89, "4":77, "1":70, "5":65, "6":85, "3":88}
INFO Respondo a solicitud SC
2 {"4":77, "1":90, "5":65, "6":85, "3":88, "2":90}
INFO Received request
2 {"6":85, "3":88, "2":91, "4":77, "1":90, "5":65}
INFO Respondo a solicitud SC
2 {"4":77, "1":90, "5":90, "6":85, "3":88, "2":92}
INFO Received request
2 {"5":90, "6":85, "3":88, "2":93, "4":77, "1":90}
INFO Respondo a solicitud SC
2 {"2":94, "4":77, "1":90, "5":90, "6":85, "3":94}
INFO Received request
2 {"2":95, "4":77, "1":90, "5":90, "6":85, "3":94}
INFO Respondo a solicitud SC
2 {"2":96, "4":95, "1":90, "5":90, "6":85, "3":94}
INFO Received request
2 {"3":94, "2":97, "4":95, "1":90, "5":90, "6":85}
INFO Respondo a solicitud SC
2 {"4":95, "1":90, "5":90, "6":97, "3":94, "2":98}
INFO Received request
2 {"6":97, "3":94, "2":99, "4":95, "1":90, "5":90}
INFO Respondo a solicitud SC
2 {"2":100, "4":95, "1":90, "5":90, "6":97, "3":100}
INFO Received request
2 {"2":101, "4":95, "1":90, "5":90, "6":97, "3":100}
INFO Respondo a solicitud SC
2 {"2":102, "4":101, "1":90, "5":90, "6":97, "3":100}
INFO Received request
2 {"2":103, "4":101, "1":90, "5":90, "6":97, "3":100}
INFO Respondo a solicitud SC
2 {"6":97, "3":100, "2":104, "4":103, "1":90, "5":90}
INFO Received request
2 {"1":90, "5":90, "6":97, "3":100, "2":105, "4":103}
INFO Respondo a solicitud SC
2 {"4":103, "1":106, "5":90, "6":97, "3":100, "2":106}
INFO Received request
2 {"2":107, "4":103, "1":106, "5":90, "6":97, "3":100}
INFO Respondo a solicitud SC
2 {"2":108, "4":103, "1":106, "5":90, "6":107, "3":100}
INFO Received request
2 {"6":107, "3":100, "2":109, "4":103, "1":106, "5":90}
INFO Respondo a solicitud SC
2 {"2":110, "4":103, "1":106, "5":108, "6":107, "3":100}
INFO Received request
2 {"6":107, "3":100, "2":111, "4":103, "1":106, "5":108}
INFO Respondo a solicitud SC
2 {"2":112, "4":103, "1":106, "5":110, "6":107, "3":100}
INFO Received request
2 {"1":106, "5":110, "6":107, "3":100, "2":113, "4":103}
INFO Respondo a solicitud SC
2 {"5":110, "6":107, "3":100, "2":114, "4":103, "1":114}
INFO Received request
2 {"4":103, "1":114, "5":110, "6":107, "3":100, "2":115}
INFO Respondo a solicitud SC
2 {"5":114, "6":107, "3":100, "2":116, "4":103, "1":114}
INFO Received request
2 {"1":114, "5":114, "6":107, "3":100, "2":117, "4":103}
INFO Respondo a solicitud SC
2 {"5":114, "6":117, "3":100, "2":118, "4":103, "1":114}
INFO Received request
2 {"4":103, "1":114, "5":114, "6":117, "3":100, "2":119}
INFO Respondo a solicitud SC
2 {"2":120, "4":103, "1":120, "5":114, "6":117, "3":100}
INFO Received request
2 {"3":100, "2":121, "4":103, "1":120, "5":114, "6":117}
INFO Respondo a solicitud SC
3 {"3":1}
Initialization Complete
3 {"3":2, "4":2}
INFO Received request
3 {"4":2, "3":3}
INFO Respondo a solicitud SC
3 {"3":4, "4":2, "1":4}
INFO Received request
3 {"4":2, "1":4, "3":5}
INFO Respondo a solicitud SC
3 {"3":6, "4":2, "1":4, "5":4}
INFO Received request
3 {"3":7, "4":2, "1":4, "5":4}
INFO Respondo a solicitud SC
3 {"3":8, "4":2, "1":4, "5":7}
INFO Received request
3 {"3":9, "4":2, "1":4, "5":7}
INFO Respondo a solicitud SC
3 {"3":10, "4":2, "1":4, "5":7, "6":10}
INFO Received request
3 {"4":2, "1":4, "5":7, "6":10, "3":11}
INFO Respondo a solicitud SC
3 {"6":10, "3":12, "4":2, "1":4, "5":7}
INFO Send requests
3 {"3":13, "4":2, "1":4, "5":7, "6":10}
INFO Salgo de la SC
3 {"3":14, "4":2, "1":4, "5":7, "6":10}
INFO Send requests
3 {"4":2, "1":4, "5":7, "6":10, "3":15}
INFO Salgo de la SC
3 {"3":16, "4":2, "1":4, "5":7, "6":10, "2":16}
INFO Received request
3 {"3":17, "4":2, "1":4, "5":7, "6":10, "2":16}
INFO Respondo a solicitud SC
3 {"2":16, "3":18, "4":2, "1":4, "5":17, "6":10}
INFO Received request
3 {"4":2, "1":4, "5":17, "6":10, "2":16, "3":19}
INFO Respondo a solicitud SC
3 {"1":4, "5":17, "6":10, "2":20, "3":20, "4":2}
INFO Received request
3 {"5":17, "6":10, "2":20, "3":21, "4":2, "1":4}
INFO Respondo a solicitud SC
3 {"2":20, "3":22, "4":22, "1":4, "5":17, "6":10}
INFO Received request
3 {"4":22, "1":4, "5":17, "6":10, "2":20, "3":23}
INFO Respondo a solicitud SC
3 {"3":24, "4":22, "1":4, "5":17, "6":24, "2":20}
INFO Received request
3 {"3":25, "4":22, "1":4, "5":17, "6":24, "2":20}
INFO Respondo a solicitud SC
3 {"1":4, "5":17, "6":24, "2":20, "3":26, "4":22}
INFO Send requests
3 {"6":24, "2":20, "3":27, "4":22, "1":4, "5":17}
INFO Salgo de la SC
3 {"3":28, "4":22, "1":28, "5":17, "6":24, "2":20}
INFO Received request
3 {"2":20, "3":29, "4":22, "1":28, "5":17, "6":24}
INFO Respondo a solicitud SC
3 {"1":30, "5":17, "6":24, "2":20, "3":30, "4":22}
INFO Received request
3 {"4":22, "1":30, "5":17, "6":24, "2":20, "3":31}
INFO Respondo a solicitud SC
3 {"3":32, "4":22, "1":30, "5":31, "6":24, "2":20}
INFO Received request
3 {"3":33, "4":22, "1":30, "5":31, "6":24, "2":20}
INFO Respondo a solicitud SC
3 {"1":30, "5":31, "6":24, "2":20, "3":34, "4":34}
INFO Received request
3 {"3":35, "4":34, "1":30, "5":31, "6":24, "2":20}
INFO Respondo a solicitud SC
3 {"5":31, "6":24, "2":36, "3":36, "4":34, "1":30}
INFO Received request
3 {"3":37, "4":36, "1":30, "5":31, "6":24, "2":36}
INFO Received request
3 {"1":30, "5":31, "6":24, "2":36, "3":38, "4":36}
INFO Respondo a solicitud SC
3 {"2":36, "3":39, "4":36, "1":30, "5":31, "6":24}
INFO Respondo a solicitud SC
3 {"6":24, "2":36, "3":40, "4":36, "1":30, "5":31}
INFO Send requests
3 {"2":36, "3":41, "4":36, "1":30, "5":31, "6":24}
INFO Salgo de la SC
3 {"2":42, "3":42, "4":36, "1":30, "5":31, "6":24}
INFO Received request
3 {"3":43, "4":36, "1":30, "5":31, "6":24, "2":42}
INFO Respondo a solicitud SC
3 {"3":44, "4":36, "1":30, "5":31, "6":44, "2":42}
INFO Received request
3 {"3":45, "4":36, "1":30, "5":31, "6":44, "2":42}
INFO Respondo a solicitud SC
3 {"2":42, "3":46, "4":45, "1":30, "5":31, "6":44}
INFO Received request
3 {"3":47, "4":45, "1":30, "5":31, "6":44, "2":42}
INFO Respondo a solicitud SC
3 {"3":48, "4":45, "1":30, "5":31, "6":44, "2":48}
INFO Received request
3 {"3":49, "4":45, "1":30, "5":31, "6":44, "2":48}
INFO Respondo a solicitud SC
3 {"1":30, "5":31, "6":44, "2":50, "3":50, "4":45}
INFO Received request
3 {"6":44, "2":50, "3":51, "4":45, "1":30, "5":31}
INFO Respondo a solicitud SC
3 {"3":52, "4":45, "1":52, "5":31, "6":44, "2":50}
INFO Received request
3 {"5":31, "6":44, "2":50, "3":53, "4":45, "1":52}
INFO Respondo a solicitud SC
3 {"3":54, "4":45, "1":52, "5":53, "6":44, "2":50}
INFO Received request
3 {"1":52, "5":53, "6":44, "2":50, "3":55, "4":45}
INFO Respondo a solicitud SC
3 {"3":56, "4":45, "1":52, "5":53, "6":44, "2":56}
INFO Received request
3 {"1":52, "5":53, "6":44, "2":56, "3":57, "4":45}
INFO Respondo a solicitud SC
3 {"4":45, "1":52, "5":53, "6":44, "2":56, "3":58}
INFO Send requests
3 {"6":44, "2":56, "3":59, "4":45, "1":52, "5":53}
INFO Salgo de la SC
3 {"3":60, "4":59, "1":52, "5":53, "6":44, "2":56}
INFO Received request
3 {"6":44, "2":56, "3":61, "4":59, "1":52, "5":53}
INFO Respondo a solicitud SC
3 {"4":59, "1":52, "5":53, "6":62, "2":56, "3":62}
INFO Received request
3 {"1":52, "5":53, "6":62, "2":56, "3":63, "4":59}
INFO Respondo a solicitud SC
3 {"1":52, "5":53, "6":62, "2":64, "3":64, "4":59}
INFO Received request
3 {"5":53, "6":62, "2":64, "3":65, "4":59, "1":52}
INFO Respondo a solicitud SC
3 {"1":52, "5":65, "6":62, "2":64, "3":66, "4":59}
INFO Received request
3 {"5":65, "6":62, "2":64, "3":67, "4":59, "1":52}
INFO Respondo a solicitud SC
3 {"4":59, "1":68, "5":65, "6":62, "2":64, "3":68}
INFO Received request
3 {"6":62, "2":64, "3":69, "4":59, "1":68, "5":65}
INFO Respondo a solicitud SC
3 {"1":70, "5":65, "6":62, "2":64, "3":70, "4":59}
INFO Received request
3 {"3":71, "4":59, "1":70, "5":65, "6":62, "2":64}
INFO Respondo a solicitud SC
3 {"2":64, "3":72, "4":59, "1":70, "5":65, "6":72}
INFO Received request
3 {"1":70, "5":65, "6":72, "2":64, "3":73, "4":59}
INFO Respondo a solicitud SC
3 {"4":59, "1":70, "5":65, "6":72, "2":64, "3":74}
INFO Send requests
3 {"1":70, "5":65, "6":72, "2":74, "3":75, "4":59}
INFO Received request
3 {"3":76, "4":59, "1":70, "5":65, "6":72, "2":74}
INFO Respondo a solicitud SC
3 {"4":59, "1":70, "5":65, "6":72, "2":74, "3":77}
INFO Salgo de la SC
3 {"2":74, "3":78, "4":77, "1":70, "5":65, "6":72}
INFO Received request
3 {"3":79, "4":77, "1":70, "5":65, "6":72, "2":74}
INFO Respondo a solicitud SC
3 {"6":72, "2":80, "3":80, "4":77, "1":70, "5":65}
INFO Received request
3 {"3":81, "4":77, "1":70, "5":65, "6":72, "2":80}
INFO Respondo a solicitud SC
3 {"1":70, "5":65, "6":80, "2":80, "3":82, "4":77}
INFO Received request
3 {"3":83, "4":77, "1":70, "5":65, "6":80, "2":80}
INFO Respondo a solicitud SC
3 {"2":80, "3":84, "4":77, "1":70, "5":65, "6":80}
INFO Send requests
3 {"3":85, "4":77, "1":70, "5":65, "6":80, "2":80}
INFO Salgo de la SC
3 {"3":86, "4":77, "1":70, "5":65, "6":85, "2":80}
INFO Received request
3 {"3":87, "4":77, "1":70, "5":65, "6":85, "2":80}
INFO Respondo a solicitud SC
3 {"3":88, "4":77, "1":70, "5":65, "6":85, "2":80}
INFO Send requests
3 {"3":89, "4":77, "1":70, "5":65, "6":85, "2":80}
INFO Salgo de la SC
3 {"6":85, "2":80, "3":90, "4":77, "1":90, "5":65}
INFO Received request
3 {"6":85, "2":80, "3":91, "4":77, "1":90, "5":65}
INFO Respondo a solicitud SC
3 {"3":92, "4":77, "1":90, "5":90, "6":85, "2":80}
INFO Received request
3 {"3":93, "4":77, "1":90, "5":90, "6":85, "2":80}
INFO Respondo a solicitud SC
3 {"1":90, "5":90, "6":85, "2":80, "3":94, "4":77}
INFO Send requests
3 {"4":77, "1":90, "5":90, "6":85, "2":80, "3":95}
INFO Salgo de la SC
3 {"4":95, "1":90, "5":90, "6":85, "2":80, "3":96}
INFO Received request
3 {"6":85, "2":80, "3":97, "4":95, "1":90, "5":90}
INFO Respondo a solicitud SC
3 {"5":90, "6":97, "2":80, "3":98, "4":95, "1":90}
INFO Received request
3 {"3":99, "4":95, "1":90, "5":90, "6":97, "2":80}
INFO Respondo a solicitud SC
3 {"6":97, "2":80, "3":100, "4":95, "1":90, "5":90}
INFO Send requests
3 {"3":101, "4":95, "1":90, "5":90, "6":97, "2":80}
INFO Salgo de la SC
3 {"2":80, "3":102, "4":101, "1":90, "5":90, "6":97}
INFO Received request
3 {"2":80, "3":103, "4":101, "1":90, "5":90, "6":97}
INFO Respondo a solicitud SC
3 {"3":104, "4":103, "1":90, "5":90, "6":97, "2":80}
INFO Received request
3 {"6":97, "2":80, "3":105, "4":103, "1":90, "5":90}
INFO Respondo a solicitud SC
3 {"1":106, "5":90, "6":97, "2":80, "3":106, "4":103}
INFO Received request
3 {"4":103, "1":106, "5":90, "6":97, "2":80, "3":107}
INFO Respondo a solicitud SC
3 {"5":90, "6":107, "2":80, "3":108, "4":103, "1":106}
INFO Received request
3 {"6":107, "2":80, "3":109, "4":103, "1":106, "5":90}
INFO Respondo a solicitud SC
3 {"3":110, "4":103, "1":106, "5":108, "6":107, "2":80}
INFO Received request
3 {"4":103, "1":106, "5":108, "6":107, "2":80, "3":111}
INFO Respondo a solicitud SC
3 {"2":80, "3":112, "4":103, "1":106, "5":110, "6":107}
INFO Received request
3 {"3":113, "4":103, "1":106, "5":110, "6":107, "2":80}
INFO Respondo a solicitud SC
3 {"3":114, "4":103, "1":114, "5":110, "6":107, "2":80}
INFO Received request
3 {"1":114, "5":110, "6":107, "2":80, "3":115, "4":103}
INFO Respondo a solicitud SC
3 {"3":116, "4":103, "1":114, "5":114, "6":107, "2":80}
INFO Received request
3 {"2":80, "3":117, "4":103, "1":114, "5":114, "6":107}
INFO Respondo a solicitud SC
3 {"3":118, "4":103, "1":114, "5":114, "6":117, "2":80}
INFO Received request
3 {"3":119, "4":103, "1":114, "5":114, "6":117, "2":80}
INFO Respondo a solicitud SC
3 {"6":117, "2":80, "3":120, "4":103, "1":120, "5":114}
INFO Received request
3 {"3":121, "4":103, "1":120, "5":114, "6":117, "2":80}
INFO Respondo a solicitud SC
4 {"4":1}
Initialization Complete
4 {"4":2}
INFO Send requests
4 {"4":3}
INFO Salgo de la SC
4 {"4":4, "1":4}
INFO Received request
4 {"4":5, "1":4}
INFO Respondo a solicitud SC
4 {"5":4, "4":6, "1":4}
INFO Received request
4 {"4":7, "1":4, "5":4}
INFO Respondo a solicitud SC
4 {"4":8, "1":4, "5":7}
INFO Received request
4 {"4":9, "1":4, "5":7}
INFO Respondo a solicitud SC
4 {"4":10, "1":4, "5":7, "6":10}
INFO Received request
4 {"5":7, "6":10, "4":11, "1":4}
INFO Respondo a solicitud SC
4 {"1":4, "5":7, "6":10, "3":12, "4":12}
INFO Received request
4 {"3":12, "4":13, "1":4, "5":7, "6":10}
INFO Respondo a solicitud SC
4 {"5":7, "6":10, "3":14, "4":14, "1":4}
INFO Received request
4 {"4":15, "1":4, "5":7, "6":10, "3":14}
INFO Respondo a solicitud SC
4 {"6":10, "3":14, "2":16, "4":16, "1":4, "5":7}
INFO Received request
4 {"3":14, "2":16, "4":17, "1":4, "5":7, "6":10}
INFO Respondo a solicitud SC
4 {"6":10, "3":14, "2":16, "4":18, "1":4, "5":17}
INFO Received request
4 {"3":14, "2":16, "4":19, "1":4, "5":17, "6":10}
INFO Respondo a solicitud SC
4 {"4":20, "1":4, "5":17, "6":10, "3":14, "2":20}
INFO Received request
4 {"3":14, "2":20, "4":21, "1":4, "5":17, "6":10}
INFO Respondo a solicitud SC
4 {"4":22, "1":4, "5":17, "6":10, "3":14, "2":20}
INFO Send requests
4 {"6":10, "3":14, "2":20, "4":23, "1":4, "5":17}
INFO Salgo de la SC
4 {"4":24, "1":4, "5":17, "6":24, "3":14, "2":20}
INFO Received request
4 {"5":17, "6":24, "3":14, "2":20, "4":25, "1":4}
INFO Respondo a solicitud SC
4 {"4":26, "1":4, "5":17, "6":24, "3":26, "2":20}
INFO Received request
4 {"2":20, "4":27, "1":4, "5":17, "6":24, "3":26}
INFO Respondo a solicitud SC
4 {"2":20, "4":28, "1":28, "5":17, "6":24, "3":26}
INFO Received request
4 {"4":29, "1":28, "5":17, "6":24, "3":26, "2":20}
INFO Respondo a solicitud SC
4 {"6":24, "3":26, "2":20, "4":30, "1":30, "5":17}
INFO Received request
4 {"4":31, "1":30, "5":17, "6":24, "3":26, "2":20}
INFO Respondo a solicitud SC
4 {"5":31, "6":24, "3":26, "2":20, "4":32, "1":30}
INFO Received request
4 {"4":33, "1":30, "5":31, "6":24, "3":26, "2":20}
INFO Respondo a solicitud SC
4 {"3":26, "2":20, "4":34, "1":30, "5":31, "6":24}
INFO Send requests
4 {"4":35, "1":30, "5":31, "6":24, "3":26, "2":20}
INFO Salgo de la SC
4 {"6":24, "3":26, "2":20, "4":36, "1":30, "5":31}
INFO Send requests
4 {"6":24, "3":26, "2":36, "4":37, "1":30, "5":31}
INFO Received request
4 {"6":24, "3":26, "2":36, "4":38, "1":30, "5":31}
INFO Salgo de la SC
4 {"6":24, "3":40, "2":36, "4":39, "1":30, "5":31}
INFO Received request
4 {"4":40, "1":30, "5":31, "6":24, "3":40, "2":36}
INFO Respondo a solicitud SC
4 {"6":24, "3":40, "2":42, "4":41, "1":30, "5":31}
INFO Received request
4 {"2":42, "4":42, "1":30, "5":31, "6":24, "3":40}
INFO Respondo a solicitud SC
4 {"6":44, "3":40, "2":42, "4":43, "1":30, "5":31}
INFO Received request
4 {"3":40, "2":42, "4":44, "1":30, "5":31, "6":44}
INFO Respondo a solicitud SC
4 {"5":31, "6":44, "3":40, "2":42, "4":45, "1":30}
INFO Send requests
4 {"4":46, "1":30, "5":31, "6":44, "3":40, "2":42}
INFO Salgo de la SC
4 {"5":31, "6":44, "3":40, "2":48, "4":47, "1":30}
INFO Received request
4 {"1":30, "5":31, "6":44, "3":40, "2":48, "4":48}
INFO Respondo a solicitud SC
4 {"5":31, "6":44, "3":40, "2":50, "4":49, "1":30}
INFO Received request
4 {"3":40, "2":50, "4":50, "1":30, "5":31, "6":44}
INFO Respondo a solicitud SC
4 {"1":52, "5":31, "6":44, "3":40, "2":50, "4":51}
INFO Received request
4 {"3":40, "2":50, "4":52, "1":52, "5":31, "6":44}
INFO Respondo a solicitud SC
4 {"4":53, "1":52, "5":53, "6":44, "3":40, "2":50}
INFO Received request
4 {"3":40, "2":50, "4":54, "1":52, "5":53, "6":44}
INFO Respondo a solicitud SC
4 {"6":44, "3":40, "2":56, "4":55, "1":52, "5":53}
INFO Received request
4 {"1":52, "5":53, "6":44, "3":40, "2":56, "4":56}
INFO Respondo a solicitud SC
4 {"3":58, "2":56, "4":57, "1":52, "5":53, "6":44}
INFO Received request
4 {"5":53, "6":44, "3":58, "2":56, "4":58, "1":52}
INFO Respondo a solicitud SC
4 {"2":56, "4":59, "1":52, "5":53, "6":44, "3":58}
INFO Send requests
4 {"4":60, "1":52, "5":53, "6":44, "3":58, "2":56}
INFO Salgo de la SC
4 {"1":52, "5":53, "6":62, "3":58, "2":56, "4":61}
INFO Received request
4 {"5":53, "6":62, "3":58, "2":56, "4":62, "1":52}
INFO Respondo a solicitud SC
4 {"5":53, "6":62, "3":58, "2":64, "4":63, "1":52}
INFO Received request
4 {"4":64, "1":52, "5":53, "6":62, "3":58, "2":64}
INFO Respondo a solicitud SC
4 {"4":65, "1":52, "5":65, "6":62, "3":58, "2":64}
INFO Received request
4 {"4":66, "1":52, "5":65, "6":62, "3":58, "2":64}
INFO Respondo a solicitud SC
4 {"2":64, "4":67, "1":68, "5":65, "6":62, "3":58}
INFO Received request
4 {"4":68, "1":68, "5":65, "6":62, "3":58, "2":64}
INFO Respondo a solicitud SC
4 {"3":58, "2":64, "4":69, "1":70, "5":65, "6":62}
INFO Received request
4 {"6":62, "3":58, "2":64, "4":70, "1":70, "5":65}
INFO Respondo a solicitud SC
4 {"2":64, "4":71, "1":70, "5":65, "6":72, "3":58}
INFO Received request
4 {"2":64, "4":72, "1":70, "5":65, "6":72, "3":58}
INFO Respondo a solicitud SC
4 {"4":73, "1":70, "5":65, "6":72, "3":74, "2":64}
INFO Received request
4 {"2":74, "4":74, "1":70, "5":65, "6":72, "3":74}
INFO Received request
4 {"4":75, "1":70, "5":65, "6":72, "3":74, "2":74}
INFO Respondo a solicitud SC
4 {"3":74, "2":74, "4":76, "1":70, "5":65, "6":72}
INFO Respondo a solicitud SC
4 {"4":77, "1":70, "5":65, "6":72, "3":74, "2":74}
INFO Send requests
4 {"4":78, "1":70, "5":65, "6":72, "3":74, "2":74}
INFO Salgo de la SC
4 {"4":79, "1":70, "5":65, "6":72, "3":74, "2":80}
INFO Received request
4 {"4":80, "1":70, "5":65, "6":80, "3":74, "2":80}
INFO Received request
4 {"4":81, "1":70, "5":65, "6":80, "3":74, "2":80}
INFO Respondo a solicitud SC
4 {"5":65, "6":80, "3":74, "2":80, "4":82, "1":70}
INFO Respondo a solicitud SC
4 {"2":80, "4":83, "1":70, "5":65, "6":80, "3":84}
INFO Received request
4 {"5":65, "6":80, "3":84, "2":80, "4":84, "1":70}
INFO Respondo a solicitud SC
4 {"4":85, "1":70, "5":65, "6":85, "3":84, "2":80}
INFO Received request
4 {"3":84, "2":80, "4":86, "1":70, "5":65, "6":85}
INFO Respondo a solicitud SC
4 {"1":70, "5":65, "6":85, "3":88, "2":80, "4":87}
INFO Received request
4 {"4":88, "1":70, "5":65, "6":85, "3":88, "2":80}
INFO Respondo a solicitud SC
4 {"4":89, "1":90, "5":65, "6":85, "3":88, "2":80}
INFO Received request
4 {"4":90, "1":90, "5":65, "6":85, "3":88, "2":80}
INFO Respondo a solicitud SC
4 {"5":90, "6":85, "3":88, "2":80, "4":91, "1":90}
INFO Received request
4 {"3":88, "2":80, "4":92, "1":90, "5":90, "6":85}
INFO Respondo a solicitud SC
4 {"4":93, "1":90, "5":90, "6":85, "3":94, "2":80}
INFO Received request
4 {"3":94, "2":80, "4":94, "1":90, "5":90, "6":85}
INFO Respondo a solicitud SC
4 {"4":95, "1":90, "5":90, "6":85, "3":94, "2":80}
INFO Send requests
4 {"4":96, "1":90, "5":90, "6":85, "3":94, "2":80}
INFO Salgo de la SC
4 {"6":97, "3":94, "2":80, "4":97, "1":90, "5":90}
INFO Received request
4 {"4":98, "1":90, "5":90, "6":97, "3":94, "2":80}
INFO Respondo a solicitud SC
4 {"4":99, "1":90, "5":90, "6":97, "3":100, "2":80}
INFO Received request
4 {"4":100, "1":90, "5":90, "6":97, "3":100, "2":80}
INFO Respondo a solicitud SC
4 {"4":101, "1":90, "5":90, "6":97, "3":100, "2":80}
INFO Send requests
4 {"5":90, "6":97, "3":100, "2":80, "4":102, "1":90}
INFO Salgo de la SC
4 {"1":90, "5":90, "6":97, "3":100, "2":80, "4":103}
INFO Send requests
4 {"6":97, "3":100, "2":80, "4":104, "1":106, "5":90}
INFO Received request
4 {"4":105, "1":106, "5":90, "6":97, "3":100, "2":80}
INFO Salgo de la SC
4 {"5":90, "6":107, "3":100, "2":80, "4":106, "1":106}
INFO Received request
4 {"5":90, "6":107, "3":100, "2":80, "4":107, "1":106}
INFO Respondo a solicitud SC
4 {"4":108, "1":106, "5":108, "6":107, "3":100, "2":80}
INFO Received request
4 {"2":80, "4":109, "1":106, "5":108, "6":107, "3":100}
INFO Respondo a solicitud SC
4 {"3":100, "2":80, "4":110, "1":106, "5":110, "6":107}
INFO Received request
4 {"5":110, "6":107, "3":100, "2":80, "4":111, "1":106}
INFO Respondo a solicitud SC
4 {"5":110, "6":107, "3":100, "2":80, "4":112, "1":114}
INFO Received request
4 {"5":110, "6":107, "3":100, "2":80, "4":113, "1":114}
INFO Respondo a solicitud SC
4 {"5":114, "6":107, "3":100, "2":80, "4":114, "1":114}
INFO Received request
4 {"2":80, "4":115, "1":114, "5":114, "6":107, "3":100}
INFO Respondo a solicitud SC
4 {"4":116, "1":114, "5":114, "6":117, "3":100, "2":80}
INFO Received request
4 {"5":114, "6":117, "3":100, "2":80, "4":117, "1":114}
INFO Respondo a solicitud SC
4 {"3":100, "2":80, "4":118, "1":120, "5":114, "6":117}
INFO Received request
4 {"4":119, "1":120, "5":114, "6":117, "3":100, "2":80}
INFO Respondo a solicitud SC
5 {"5":1}
Initialization Complete
5 {"5":2, "4":2}
INFO Received request
5 {"5":3, "4":2}
INFO Respondo a solicitud SC
5 {"4":2, "5":4}
INFO Send requests
5 {"5":5, "4":2, "1":4}
INFO Received request
5 {"5":6, "4":2, "1":4}
INFO Salgo de la SC
5 {"5":7, "4":2, "1":4}
INFO Send requests
5 {"5":8, "4":2, "1":4}
INFO Salgo de la SC
5 {"5":9, "4":2, "1":4, "6":10}
INFO Received request
5 {"4":2, "1":4, "6":10, "5":10}
INFO Respondo a solicitud SC
5 {"1":4, "6":10, "3":12, "5":11, "4":2}
INFO Received request
5 {"4":2, "1":4, "6":10, "3":12, "5":12}
INFO Respondo a solicitud SC
5 {"5":13, "4":2, "1":4, "6":10, "3":14}
INFO Received request
5 {"3":14, "5":14, "4":2, "1":4, "6":10}
INFO Respondo a solicitud SC
5 {"5":15, "4":2, "1":4, "6":10, "3":14, "2":16}
INFO Received request
5 {"4":2, "1":4, "6":10, "3":14, "2":16, "5":16}
INFO Respondo a solicitud SC
5 {"5":17, "4":2, "1":4, "6":10, "3":14, "2":16}
INFO Send requests
5 {"5":18, "4":2, "1":4, "6":10, "3":14, "2":16}
INFO Salgo de la SC
5 {"2":20, "5":19, "4":2, "1":4, "6":10, "3":14}
INFO Received request
5 {"1":4, "6":10, "3":14, "2":20, "5":20, "4":2}
INFO Respondo a solicitud SC
5 {"4":22, "1":4, "6":10, "3":14, "2":20, "5":21}
INFO Received request
5 {"1":4, "6":10, "3":14, "2":20, "5":22, "4":22}
INFO Respondo a solicitud SC
5 {"4":22, "1":4, "6":24, "3":14, "2":20, "5":23}
INFO Received request
5 {"5":24, "4":22, "1":4, "6":24, "3":14, "2":20}
INFO Respondo a solicitud SC
5 {"5":25, "4":22, "1":4, "6":24, "3":26, "2":20}
INFO Received request
5 {"5":26, "4":22, "1":4, "6":24, "3":26, "2":20}
INFO Respondo a solicitud SC
5 {"1":28, "6":24, "3":26, "2":20, "5":27, "4":22}
INFO Received request
5 {"4":22, "1":28, "6":24, "3":26, "2":20, "5":28}
INFO Respondo a solicitud SC
5 {"4":22, "1":30, "6":24, "3":26, "2":20, "5":29}
INFO Received request
5 {"2":20, "5":30, "4":22, "1":30, "6":24, "3":26}
INFO Respondo a solicitud SC
5 {"1":30, "6":24, "3":26, "2":20, "5":31, "4":22}
INFO Send requests
5 {"5":32, "4":22, "1":30, "6":24, "3":26, "2":20}
INFO Salgo de la SC
5 {"5":33, "4":34, "1":30, "6":24, "3":26, "2":20}
INFO Received request
5 {"5":34, "4":34, "1":30, "6":24, "3":26, "2":20}
INFO Respondo a solicitud SC
5 {"5":35, "4":36, "1":30, "6":24, "3":26, "2":20}
INFO Received request
5 {"5":36, "4":36, "1":30, "6":24, "3":26, "2":36}
INFO Received request
5 {"3":26, "2":36, "5":37, "4":36, "1":30, "6":24}
INFO Respondo a solicitud SC
5 {"5":38, "4":36, "1":30, "6":24, "3":26, "2":36}
INFO Respondo a solicitud SC
5 {"5":39, "4":36, "1":30, "6":24, "3":40, "2":36}
INFO Received request
5 {"6":24, "3":40, "2":36, "5":40, "4":36, "1":30}
INFO Respondo a solicitud SC
5 {"1":30, "6":24, "3":40, "2":42, "5":41, "4":36}
INFO Received request
5 {"6":24, "3":40, "2":42, "5":42, "4":36, "1":30}
INFO Respondo a solicitud SC
5 {"5":43, "4":36, "1":30, "6":44, "3":40, "2":42}
INFO Received request
5 {"4":36, "1":30, "6":44, "3":40, "2":42, "5":44}
INFO Respondo a solicitud SC
5 {"6":44, "3":40, "2":42, "5":45, "4":45, "1":30}
INFO Received request
5 {"4":45, "1":30, "6":44, "3":40, "2":42, "5":46}
INFO Respondo a solicitud SC
5 {"2":48, "5":47, "4":45, "1":30, "6":44, "3":40}
INFO Received request
5 {"6":44, "3":40, "2":48, "5":48, "4":45, "1":30}
INFO Respondo a solicitud SC
5 {"5":49, "4":45, "1":30, "6":44, "3":40, "2":50}
INFO Received request
5 {"4":45, "1":30, "6":44, "3":40, "2":50, "5":50}
INFO Respondo a solicitud SC
5 {"5":51, "4":45, "1":52, "6":44, "3":40, "2":50}
INFO Received request
5 {"5":52, "4":45, "1":52, "6":44, "3":40, "2":50}
INFO Respondo a solicitud SC
5 {"3":40, "2":50, "5":53, "4":45, "1":52, "6":44}
INFO Send requests
5 {"3":40, "2":50, "5":54, "4":45, "1":52, "6":44}
INFO Salgo de la SC
5 {"6":44, "3":40, "2":56, "5":55, "4":45, "1":52}
INFO Received request
5 {"5":56, "4":45, "1":52, "6":44, "3":40, "2":56}
INFO Respondo a solicitud SC
5 {"4":45, "1":52, "6":44, "3":58, "2":56, "5":57}
INFO Received request
5 {"6":44, "3":58, "2":56, "5":58, "4":45, "1":52}
INFO Respondo a solicitud SC
5 {"3":58, "2":56, "5":59, "4":59, "1":52, "6":44}
INFO Received request
5 {"4":59, "1":52, "6":44, "3":58, "2":56, "5":60}
INFO Respondo a solicitud SC
5 {"4":59, "1":52, "6":62, "3":58, "2":56, "5":61}
INFO Received request
5 {"3":58, "2":56, "5":62, "4":59, "1":52, "6":62}
INFO Respondo a solicitud SC
5 {"4":59, "1":52, "6":62, "3":58, "2":64, "5":63}
INFO Received request
5 {"2":64, "5":64, "4":59, "1":52, "6":62, "3":58}
INFO Respondo a solicitud SC
5 {"6":62, "3":58, "2":64, "5":65, "4":59, "1":52}
INFO Send requests
5 {"5":66, "4":59, "1":68, "6":62, "3":58, "2":64}
INFO Received request
5 {"6":62, "3":58, "2":64, "5":67, "4":59, "1":68}
INFO Salgo de la SC
5 {"5":68, "4":59, "1":70, "6":62, "3":58, "2":64}
INFO Received request
5 {"6":62, "3":58, "2":64, "5":69, "4":59, "1":70}
INFO Respondo a solicitud SC
5 {"2":64, "5":70, "4":59, "1":70, "6":72, "3":58}
INFO Received request
5 {"4":59, "1":70, "6":72, "3":58, "2":64, "5":71}
INFO Respondo a solicitud SC
5 {"2":74, "5":72, "4":59, "1":70, "6":72, "3":58}
INFO Received request
5 {"2":74, "5":73, "4":59, "1":70, "6":72, "3":74}
INFO Received request
5 {"6":72, "3":74, "2":74, "5":74, "4":59, "1":70}
INFO Respondo a solicitud SC
5 {"5":75, "4":59, "1":70, "6":72, "3":74, "2":74}
INFO Respondo a solicitud SC
5 {"1":70, "6":72, "3":74, "2":74, "5":76, "4":77}
INFO Received request
5 {"5":77, "4":77, "1":70, "6":72, "3":74, "2":74}
INFO Respondo a solicitud SC
5 {"5":78, "4":77, "1":70, "6":72, "3":74, "2":80}
INFO Received request
5 {"5":79, "4":77, "1":70, "6":80, "3":74, "2":80}
INFO Received request
5 {"4":77, "1":70, "6":80, "3":74, "2":80, "5":80}
INFO Respondo a solicitud SC
5 {"2":80, "5":81, "4":77, "1":70, "6":80, "3":74}
INFO Respondo a solicitud SC
5 {"5":82, "4":77, "1":70, "6":80, "3":84, "2":80}
INFO Received request
5 {"2":80, "5":83, "4":77, "1":70, "6":80, "3":84}
INFO Respondo a solicitud SC
5 {"2":80, "5":84, "4":77, "1":70, "6":85, "3":84}
INFO Received request
5 {"5":85, "4":77, "1":70, "6":85, "3":84, "2":80}
INFO Respondo a solicitud SC
5 {"4":77, "1":70, "6":85, "3":88, "2":80, "5":86}
INFO Received request
5 {"4":77, "1":70, "6":85, "3":88, "2":80, "5":87}
INFO Respondo a solicitud SC
5 {"6":85, "3":88, "2":80, "5":88, "4":77, "1":90}
INFO Received request
5 {"2":80, "5":89, "4":77, "1":90, "6":85, "3":88}
INFO Respondo a solicitud SC
5 {"1":90, "6":85, "3":88, "2":80, "5":90, "4":77}
INFO Send requests
5 {"5":91, "4":77, "1":90, "6":85, "3":88, "2":80}
INFO Salgo de la SC
5 {"1":90, "6":85, "3":94, "2":80, "5":92, "4":77}
INFO Received request
5 {"5":93, "4":77, "1":90, "6":85, "3":94, "2":80}
INFO Respondo a solicitud SC
5 {"5":94, "4":95, "1":90, "6":85, "3":94, "2":80}
INFO Received request
5 {"6":85, "3":94, "2":80, "5":95, "4":95, "1":90}
INFO Respondo a solicitud SC
5 {"3":94, "2":80, "5":96, "4":95, "1":90, "6":97}
INFO Received request
5 {"5":97, "4":95, "1":90, "6":97, "3":94, "2":80}
INFO Respondo a solicitud SC
5 {"5":98, "4":95, "1":90, "6":97, "3":100, "2":80}
INFO Received request
5 {"5":99, "4":95, "1":90, "6":97, "3":100, "2":80}
INFO Respondo a solicitud SC
5 {"5":100, "4":101, "1":90, "6":97, "3":100, "2":80}
INFO Received request
5 {"5":101, "4":101, "1":90, "6":97, "3":100, "2":80}
INFO Respondo a solicitud SC
5 {"5":102, "4":103, "1":90, "6":97, "3":100, "2":80}
INFO Received request
5 {"4":103, "1":90, "6":97, "3":100, "2":80, "5":103}
INFO Respondo a solicitud SC
5 {"5":104, "4":103, "1":106, "6":97, "3":100, "2":80}
INFO Received request
5 {"4":103, "1":106, "6":97, "3":100, "2":80, "5":105}
INFO Respondo a solicitud SC
5 {"4":103, "1":106, "6":107, "3":100, "2":80, "5":106}
INFO Received request
5 {"4":103, "1":106, "6":107, "3":100, "2":80, "5":107}
INFO Respondo a solicitud SC
5 {"5":108, "4":103, "1":106, "6":107, "3":100, "2":80}
INFO Send requests
5 {"2":80, "5":109, "4":103, "1":106, "6":107, "3":100}
INFO Salgo de la SC
5 {"2":80, "5":110, "4":103, "1":106, "6":107, "3":100}
INFO Send requests
5 {"4":103, "1":106, "6":107, "3":100, "2":80, "5":111}
INFO Salgo de la SC
5 {"1":114, "6":107, "3":100, "2":80, "5":112, "4":103}
INFO Received request
5 {"5":113, "4":103, "1":114, "6":107, "3":100, "2":80}
INFO Respondo a solicitud SC
5 {"1":114, "6":107, "3":100, "2":80, "5":114, "4":103}
INFO Send requests
5 {"5":115, "4":103, "1":114, "6":107, "3":100, "2":80}
INFO Salgo de la SC
5 {"2":80, "5":116, "4":103, "1":114, "6":117, "3":100}
INFO Received request
5 {"5":117, "4":103, "1":114, "6":117, "3":100, "2":80}
INFO Respondo a solicitud SC
5 {"5":118, "4":103, "1":120, "6":117, "3":100, "2":80}
INFO Received request
5 {"5":119, "4":103, "1":120, "6":117, "3":100, "2":80}
INFO Respondo a solicitud SC
6 {"6":1}
Initialization Complete
6 {"4":2, "6":2}
INFO Received request
6 {"6":3, "4":2}
INFO Respondo a solicitud SC
6 {"6":4, "4":2, "5":4}
INFO Received request
6 {"6":5, "4":2, "5":4, "1":4}
INFO Received request
6 {"4":2, "5":4, "1":4, "6":6}
INFO Respondo a solicitud SC
6 {"6":7, "4":2, "5":4, "1":4}
INFO Respondo a solicitud SC
6 {"6":8, "4":2, "5":7, "1":4}
INFO Received request
6 {"6":9, "4":2, "5":7, "1":4}
INFO Respondo a solicitud SC
6 {"6":10, "4":2, "5":7, "1":4}
INFO Send requests
6 {"5":7, "1":4, "6":11, "4":2}
INFO Salgo de la SC
6 {"6":12, "4":2, "5":7, "1":4, "3":12}
INFO Received request
6 {"6":13, "4":2, "5":7, "1":4, "3":12}
INFO Respondo a solicitud SC
6 {"6":14, "4":2, "5":7, "1":4, "3":14}
INFO Received request
6 {"6":15, "4":2, "5":7, "1":4, "3":14}
INFO Respondo a solicitud SC
6 {"5":7, "1":4, "3":14, "2":16, "6":16, "4":2}
INFO Received request
6 {"5":7, "1":4, "3":14, "2":16, "6":17, "4":2}
INFO Respondo a solicitud SC
6 {"6":18, "4":2, "5":17, "1":4, "3":14, "2":16}
INFO Received request
6 {"6":19, "4":2, "5":17, "1":4, "3":14, "2":16}
INFO Respondo a solicitud SC
6 {"3":14, "2":20, "6":20, "4":2, "5":17, "1":4}
INFO Received request
6 {"5":17, "1":4, "3":14, "2":20, "6":21, "4":2}
INFO Respondo a solicitud SC
6 {"5":17, "1":4, "3":14, "2":20, "6":22, "4":22}
INFO Received request
6 {"6":23, "4":22, "5":17, "1":4, "3":14, "2":20}
INFO Respondo a solicitud SC
6 {"5":17, "1":4, "3":14, "2":20, "6":24, "4":22}
INFO Send requests
6 {"2":20, "6":25, "4":22, "5":17, "1":4, "3":14}
INFO Salgo de la SC
6 {"4":22, "5":17, "1":4, "3":26, "2":20, "6":26}
INFO Received request
6 {"2":20, "6":27, "4":22, "5":17, "1":4, "3":26}
INFO Respondo a solicitud SC
6 {"4":22, "5":17, "1":28, "3":26, "2":20, "6":28}
INFO Received request
6 {"6":29, "4":22, "5":17, "1":28, "3":26, "2":20}
INFO Respondo a solicitud SC
6 {"6":30, "4":22, "5":17, "1":30, "3":26, "2":20}
INFO Received request
6 {"4":22, "5":17, "1":30, "3":26, "2":20, "6":31}
INFO Respondo a solicitud SC
6 {"3":26, "2":20, "6":32, "4":22, "5":31, "1":30}
INFO Received request
6 {"6":33, "4":22, "5":31, "1":30, "3":26, "2":20}
INFO Respondo a solicitud SC
6 {"3":26, "2":20, "6":34, "4":34, "5":31, "1":30}
INFO Received request
6 {"6":35, "4":34, "5":31, "1":30, "3":26, "2":20}
INFO Respondo a solicitud SC
6 {"2":36, "6":36, "4":34, "5":31, "1":30, "3":26}
INFO Received request
6 {"6":37, "4":36, "5":31, "1":30, "3":26, "2":36}
INFO Received request
6 {"6":38, "4":36, "5":31, "1":30, "3":26, "2":36}
INFO Respondo a solicitud SC
6 {"1":30, "3":26, "2":36, "6":39, "4":36, "5":31}
INFO Respondo a solicitud SC
6 {"6":40, "4":36, "5":31, "1":30, "3":40, "2":36}
INFO Received request
6 {"3":40, "2":36, "6":41, "4":36, "5":31, "1":30}
INFO Respondo a solicitud SC
6 {"6":42, "4":36, "5":31, "1":30, "3":40, "2":42}
INFO Received request
6 {"6":43, "4":36, "5":31, "1":30, "3":40, "2":42}
INFO Respondo a solicitud SC
6 {"4":36, "5":31, "1":30, "3":40, "2":42, "6":44}
INFO Send requests
6 {"6":45, "4":36, "5":31, "1":30, "3":40, "2":42}
INFO Salgo de la SC
6 {"6":46, "4":45, "5":31, "1":30, "3":40, "2":42}
INFO Received request
6 {"6":47, "4":45, "5":31, "1":30, "3":40, "2":42}
INFO Respondo a solicitud SC
6 {"1":30, "3":40, "2":48, "6":48, "4":45, "5":31}
INFO Received request
6 {"1":30, "3":40, "2":48, "6":49, "4":45, "5":31}
INFO Respondo a solicitud SC
6 {"4":45, "5":31, "1":30, "3":40, "2":50, "6":50}
INFO Received request
6 {"6":51, "4":45, "5":31, "1":30, "3":40, "2":50}
INFO Respondo a solicitud SC
6 {"5":31, "1":52, "3":40, "2":50, "6":52, "4":45}
INFO Received request
6 {"4":45, "5":31, "1":52, "3":40, "2":50, "6":53}
INFO Respondo a solicitud SC
6 {"4":45, "5":53, "1":52, "3":40, "2":50, "6":54}
INFO Received request
6 {"5":53, "1":52, "3":40, "2":50, "6":55, "4":45}
INFO Respondo a solicitud SC
6 {"3":40, "2":56, "6":56, "4":45, "5":53, "1":52}
INFO Received request
6 {"2":56, "6":57, "4":45, "5":53, "1":52, "3":40}
INFO Respondo a solicitud SC
6 {"4":45, "5":53, "1":52, "3":58, "2":56, "6":58}
INFO Received request
6 {"6":59, "4":45, "5":53, "1":52, "3":58, "2":56}
INFO Respondo a solicitud SC
6 {"3":58, "2":56, "6":60, "4":59, "5":53, "1":52}
INFO Received request
6 {"6":61, "4":59, "5":53, "1":52, "3":58, "2":56}
INFO Respondo a solicitud SC
6 {"4":59, "5":53, "1":52, "3":58, "2":56, "6":62}
INFO Send requests
6 {"2":56, "6":63, "4":59, "5":53, "1":52, "3":58}
INFO Salgo de la SC
6 {"4":59, "5":53, "1":52, "3":58, "2":64, "6":64}
INFO Received request
6 {"4":59, "5":53, "1":52, "3":58, "2":64, "6":65}
INFO Respondo a solicitud SC
6 {"2":64, "6":66, "4":59, "5":65, "1":52, "3":58}
INFO Received request
6 {"6":67, "4":59, "5":65, "1":52, "3":58, "2":64}
INFO Respondo a solicitud SC
6 {"4":59, "5":65, "1":68, "3":58, "2":64, "6":68}
INFO Received request
6 {"6":69, "4":59, "5":65, "1":68, "3":58, "2":64}
INFO Respondo a solicitud SC
6 {"6":70, "4":59, "5":65, "1":70, "3":58, "2":64}
INFO Received request
6 {"2":64, "6":71, "4":59, "5":65, "1":70, "3":58}
INFO Respondo a solicitud SC
6 {"2":64, "6":72, "4":59, "5":65, "1":70, "3":58}
INFO Send requests
6 {"2":64, "6":73, "4":59, "5":65, "1":70, "3":58}
INFO Salgo de la SC
6 {"5":65, "1":70, "3":74, "2":64, "6":74, "4":59}
INFO Received request
6 {"6":75, "4":59, "5":65, "1":70, "3":74, "2":74}
INFO Received request
6 {"4":59, "5":65, "1":70, "3":74, "2":74, "6":76}
INFO Respondo a solicitud SC
6 {"3":74, "2":74, "6":77, "4":59, "5":65, "1":70}
INFO Respondo a solicitud SC
6 {"5":65, "1":70, "3":74, "2":74, "6":78, "4":77}
INFO Received request
6 {"5":65, "1":70, "3":74, "2":74, "6":79, "4":77}
INFO Respondo a solicitud SC
6 {"3":74, "2":74, "6":80, "4":77, "5":65, "1":70}
INFO Send requests
6 {"3":74, "2":80, "6":81, "4":77, "5":65, "1":70}
INFO Received request
6 {"1":70, "3":74, "2":80, "6":82, "4":77, "5":65}
INFO Salgo de la SC
6 {"6":83, "4":77, "5":65, "1":70, "3":84, "2":80}
INFO Received request
6 {"5":65, "1":70, "3":84, "2":80, "6":84, "4":77}
INFO Respondo a solicitud SC
6 {"6":85, "4":77, "5":65, "1":70, "3":84, "2":80}
INFO Send requests
6 {"6":86, "4":77, "5":65, "1":70, "3":84, "2":80}
INFO Salgo de la SC
6 {"3":88, "2":80, "6":87, "4":77, "5":65, "1":70}
INFO Received request
6 {"5":65, "1":70, "3":88, "2":80, "6":88, "4":77}
INFO Respondo a solicitud SC
6 {"6":89, "4":77, "5":65, "1":90, "3":88, "2":80}
INFO Received request
6 {"2":80, "6":90, "4":77, "5":65, "1":90, "3":88}
INFO Respondo a solicitud SC
6 {"5":90, "1":90, "3":88, "2":80, "6":91, "4":77}
INFO Received request
6 {"6":92, "4":77, "5":90, "1":90, "3":88, "2":80}
INFO Respondo a solicitud SC
6 {"6":93, "4":77, "5":90, "1":90, "3":94, "2":80}
INFO Received request
6 {"5":90, "1":90, "3":94, "2":80, "6":94, "4":77}
INFO Respondo a solicitud SC
6 {"3":94, "2":80, "6":95, "4":95, "5":90, "1":90}
INFO Received request
6 {"4":95, "5":90, "1":90, "3":94, "2":80, "6":96}
INFO Respondo a solicitud SC
6 {"2":80, "6":97, "4":95, "5":90, "1":90, "3":94}
INFO Send requests
6 {"6":98, "4":95, "5":90, "1":90, "3":94, "2":80}
INFO Salgo de la SC
6 {"2":80, "6":99, "4":95, "5":90, "1":90, "3":100}
INFO Received request
6 {"6":100, "4":95, "5":90, "1":90, "3":100, "2":80}
INFO Respondo a solicitud SC
6 {"1":90, "3":100, "2":80, "6":101, "4":101, "5":90}
INFO Received request
6 {"2":80, "6":102, "4":101, "5":90, "1":90, "3":100}
INFO Respondo a solicitud SC
6 {"6":103, "4":103, "5":90, "1":90, "3":100, "2":80}
INFO Received request
6 {"1":90, "3":100, "2":80, "6":104, "4":103, "5":90}
INFO Respondo a solicitud SC
6 {"5":90, "1":106, "3":100, "2":80, "6":105, "4":103}
INFO Received request
6 {"5":90, "1":106, "3":100, "2":80, "6":106, "4":103}
INFO Respondo a solicitud SC
6 {"6":107, "4":103, "5":90, "1":106, "3":100, "2":80}
INFO Send requests
6 {"6":108, "4":103, "5":90, "1":106, "3":100, "2":80}
INFO Salgo de la SC
6 {"2":80, "6":109, "4":103, "5":108, "1":106, "3":100}
INFO Received request
6 {"5":108, "1":106, "3":100, "2":80, "6":110, "4":103}
INFO Respondo a solicitud SC
6 {"6":111, "4":103, "5":110, "1":106, "3":100, "2":80}
INFO Received request
6 {"6":112, "4":103, "5":110, "1":106, "3":100, "2":80}
INFO Respondo a solicitud SC
6 {"6":113, "4":103, "5":110, "1":114, "3":100, "2":80}
INFO Received request
6 {"3":100, "2":80, "6":114, "4":103, "5":110, "1":114}
INFO Respondo a solicitud SC
6 {"4":103, "5":114, "1":114, "3":100, "2":80, "6":115}
INFO Received request
6 {"4":103, "5":114, "1":114, "3":100, "2":80, "6":116}
INFO Respondo a solicitud SC
6 {"1":114, "3":100, "2":80, "6":117, "4":103, "5":114}
INFO Send requests
6 {"4":103, "5":114, "1":114, "3":100, "2":80, "6":118}
INFO Salgo de la SC
6 {"5":114, "1":120, "3":100, "2":80, "6":119, "4":103}
INFO Received request
6 {"6":120, "4":103, "5":114, "1":120, "3":100, "2":80}
INFO Respondo a solicitud SC
